11/11/2023 20:44:40 | String '' was not recognized as a valid Boolean. | Origen: System.Private.CoreLib | Metodo: Boolean Parse(System.ReadOnlySpan`1[System.Char])
11/11/2023 20:44:41 | String '' was not recognized as a valid Boolean. | Origen: System.Private.CoreLib | Metodo: Boolean Parse(System.ReadOnlySpan`1[System.Char])
11/11/2023 20:55:18 | Loguin: Nombre de usuario vacio.
11/11/2023 20:55:20 | Loguin: Contrase単a vacia.
11/11/2023 20:55:32 | Registro: Nombre de usuario vacio.
11/11/2023 20:55:37 | Registro: Seleccionar un tipo de usuario valido.
11/11/2023 20:55:43 | Registro: Seleccionar un tipo de usuario valido.
11/11/2023 20:55:44 | Registro: Las contrase単as no coinciden.
11/11/2023 20:55:57 | Creacion Usuario: Seleccionar un tipo de usuario valido.
11/11/2023 20:56:01 | Creacion Usuario: Seleccionar un tipo de usuario valido.
11/11/2023 20:56:12 | Creacion Usuario: Las contrase単as no coinciden.
11/11/2023 20:56:49 | Modificacion Usuario: Seleccionar un tipo de usuario valido.
12/11/2023 15:18:31 | String '' was not recognized as a valid Boolean. | Origen: System.Private.CoreLib | Metodo: Boolean Parse(System.ReadOnlySpan`1[System.Char])
14/11/2023 18:04:21 | System.FormatException | Info: String '' was not recognized as a valid Boolean. | Metodo: Boolean Parse(System.ReadOnlySpan`1[System.Char])
17/11/2023 21:16:10 | System.FormatException | Info: String '' was not recognized as a valid Boolean. | Metodo: Boolean Parse(System.ReadOnlySpan`1[System.Char])
17/11/2023 21:44:57 | System.InvalidOperationException | Info: There was an error reflecting type 'Biblioteca.Stock'. | Metodo: System.Xml.Serialization.TypeMapping ImportTypeMapping(System.Xml.Serialization.TypeModel, System.String, ImportContext, System.String, System.Xml.Serialization.XmlAttributes, Boolean, Boolean, System.Xml.Serialization.RecursionLimiter)

18/11/2023 15:27:07 | System.InvalidOperationException | Info: There was an error reflecting type 'Biblioteca.Stock'. | Metodo: System.Xml.Serialization.TypeMapping ImportTypeMapping(System.Xml.Serialization.TypeModel, System.String, ImportContext, System.String, System.Xml.Serialization.XmlAttributes, Boolean, Boolean, System.Xml.Serialization.RecursionLimiter)
18/11/2023 15:27:09 | Loguin: Nombre de usuario vacio.
18/11/2023 15:27:18 | Loguin: Nombre de usuario vacio.
18/11/2023 15:27:20 | Loguin: Contrase単a vacia.
18/11/2023 15:28:53 | System.InvalidOperationException | Info: There was an error reflecting type 'Biblioteca.Stock'. | Metodo: System.Xml.Serialization.TypeMapping ImportTypeMapping(System.Xml.Serialization.TypeModel, System.String, ImportContext, System.String, System.Xml.Serialization.XmlAttributes, Boolean, Boolean, System.Xml.Serialization.RecursionLimiter)
18/11/2023 15:28:54 | Loguin: Nombre de usuario vacio.

20/11/2023 19:37:10 | System.OutOfMemoryException | Info: Out of memory. | Metodo: System.Drawing.Image FromFile(System.String, Boolean)
20/11/2023 19:44:58 | System.InvalidOperationException | Info: There was an error reflecting type 'Biblioteca.Empresa'. | Metodo: System.Xml.Serialization.TypeMapping ImportTypeMapping(System.Xml.Serialization.TypeModel, System.String, ImportContext, System.String, System.Xml.Serialization.XmlAttributes, Boolean, Boolean, System.Xml.Serialization.RecursionLimiter)

20/11/2023 20:41:05 | System.InvalidOperationException | Info: There was an error reflecting type 'Biblioteca.Administracion'. | Metodo: System.Xml.Serialization.TypeMapping ImportTypeMapping(System.Xml.Serialization.TypeModel, System.String, ImportContext, System.String, System.Xml.Serialization.XmlAttributes, Boolean, Boolean, System.Xml.Serialization.RecursionLimiter)

